mode: set
github.com/priscilaMayume/automation_appWeb_test_golang/cmd/web/db.go:13.42,16.16 2 1
github.com/priscilaMayume/automation_appWeb_test_golang/cmd/web/db.go:16.16,18.3 1 0
github.com/priscilaMayume/automation_appWeb_test_golang/cmd/web/db.go:21.2,22.16 2 1
github.com/priscilaMayume/automation_appWeb_test_golang/cmd/web/db.go:22.16,24.3 1 0
github.com/priscilaMayume/automation_appWeb_test_golang/cmd/web/db.go:27.2,27.16 1 1
github.com/priscilaMayume/automation_appWeb_test_golang/cmd/web/db.go:31.56,34.16 2 1
github.com/priscilaMayume/automation_appWeb_test_golang/cmd/web/db.go:34.16,36.3 1 0
github.com/priscilaMayume/automation_appWeb_test_golang/cmd/web/db.go:39.2,42.24 2 1
github.com/priscilaMayume/automation_appWeb_test_golang/cmd/web/forms.go:11.42,13.26 2 1
github.com/priscilaMayume/automation_appWeb_test_golang/cmd/web/forms.go:13.26,15.3 1 1
github.com/priscilaMayume/automation_appWeb_test_golang/cmd/web/forms.go:17.2,17.22 1 1
github.com/priscilaMayume/automation_appWeb_test_golang/cmd/web/forms.go:21.44,23.2 1 1
github.com/priscilaMayume/automation_appWeb_test_golang/cmd/web/forms.go:32.37,37.2 1 1
github.com/priscilaMayume/automation_appWeb_test_golang/cmd/web/forms.go:40.39,42.13 2 1
github.com/priscilaMayume/automation_appWeb_test_golang/cmd/web/forms.go:42.13,44.3 1 1
github.com/priscilaMayume/automation_appWeb_test_golang/cmd/web/forms.go:45.2,45.13 1 1
github.com/priscilaMayume/automation_appWeb_test_golang/cmd/web/forms.go:49.43,50.31 1 1
github.com/priscilaMayume/automation_appWeb_test_golang/cmd/web/forms.go:50.31,52.37 2 1
github.com/priscilaMayume/automation_appWeb_test_golang/cmd/web/forms.go:52.37,54.4 1 1
github.com/priscilaMayume/automation_appWeb_test_golang/cmd/web/forms.go:60.52,61.9 1 1
github.com/priscilaMayume/automation_appWeb_test_golang/cmd/web/forms.go:61.9,63.3 1 1
github.com/priscilaMayume/automation_appWeb_test_golang/cmd/web/forms.go:67.29,69.2 1 1
github.com/priscilaMayume/automation_appWeb_test_golang/cmd/web/handlers.go:17.70,22.45 2 1
github.com/priscilaMayume/automation_appWeb_test_golang/cmd/web/handlers.go:22.45,25.3 2 1
github.com/priscilaMayume/automation_appWeb_test_golang/cmd/web/handlers.go:25.8,28.3 1 1
github.com/priscilaMayume/automation_appWeb_test_golang/cmd/web/handlers.go:31.2,31.67 1 1
github.com/priscilaMayume/automation_appWeb_test_golang/cmd/web/handlers.go:35.73,38.2 1 0
github.com/priscilaMayume/automation_appWeb_test_golang/cmd/web/handlers.go:51.106,54.16 2 1
github.com/priscilaMayume/automation_appWeb_test_golang/cmd/web/handlers.go:54.16,57.3 2 1
github.com/priscilaMayume/automation_appWeb_test_golang/cmd/web/handlers.go:60.2,66.16 5 1
github.com/priscilaMayume/automation_appWeb_test_golang/cmd/web/handlers.go:66.16,68.3 1 0
github.com/priscilaMayume/automation_appWeb_test_golang/cmd/web/handlers.go:70.2,70.12 1 1
github.com/priscilaMayume/automation_appWeb_test_golang/cmd/web/handlers.go:74.71,77.16 2 1
github.com/priscilaMayume/automation_appWeb_test_golang/cmd/web/handlers.go:77.16,81.3 3 0
github.com/priscilaMayume/automation_appWeb_test_golang/cmd/web/handlers.go:84.2,87.19 3 1
github.com/priscilaMayume/automation_appWeb_test_golang/cmd/web/handlers.go:87.19,92.3 3 1
github.com/priscilaMayume/automation_appWeb_test_golang/cmd/web/handlers.go:95.2,99.16 4 1
github.com/priscilaMayume/automation_appWeb_test_golang/cmd/web/handlers.go:99.16,104.3 3 1
github.com/priscilaMayume/automation_appWeb_test_golang/cmd/web/handlers.go:106.2,106.42 1 1
github.com/priscilaMayume/automation_appWeb_test_golang/cmd/web/handlers.go:106.42,110.3 3 1
github.com/priscilaMayume/automation_appWeb_test_golang/cmd/web/handlers.go:117.2,123.59 3 1
github.com/priscilaMayume/automation_appWeb_test_golang/cmd/web/handlers.go:126.94,128.72 1 1
github.com/priscilaMayume/automation_appWeb_test_golang/cmd/web/handlers.go:128.72,131.3 1 1
github.com/priscilaMayume/automation_appWeb_test_golang/cmd/web/handlers.go:134.2,136.13 2 1
github.com/priscilaMayume/automation_appWeb_test_golang/cmd/web/main.go:21.13,31.16 6 0
github.com/priscilaMayume/automation_appWeb_test_golang/cmd/web/main.go:31.16,34.3 1 0
github.com/priscilaMayume/automation_appWeb_test_golang/cmd/web/main.go:35.2,47.16 6 0
github.com/priscilaMayume/automation_appWeb_test_golang/cmd/web/main.go:47.16,49.3 1 0
github.com/priscilaMayume/automation_appWeb_test_golang/cmd/web/middleware.go:17.67,19.2 1 1
github.com/priscilaMayume/automation_appWeb_test_golang/cmd/web/middleware.go:22.72,23.71 1 1
github.com/priscilaMayume/automation_appWeb_test_golang/cmd/web/middleware.go:23.71,27.17 3 1
github.com/priscilaMayume/automation_appWeb_test_golang/cmd/web/middleware.go:27.17,29.20 2 1
github.com/priscilaMayume/automation_appWeb_test_golang/cmd/web/middleware.go:29.20,31.5 1 1
github.com/priscilaMayume/automation_appWeb_test_golang/cmd/web/middleware.go:32.4,32.60 1 1
github.com/priscilaMayume/automation_appWeb_test_golang/cmd/web/middleware.go:33.9,35.4 1 1
github.com/priscilaMayume/automation_appWeb_test_golang/cmd/web/middleware.go:36.3,36.40 1 1
github.com/priscilaMayume/automation_appWeb_test_golang/cmd/web/middleware.go:41.45,43.16 2 1
github.com/priscilaMayume/automation_appWeb_test_golang/cmd/web/middleware.go:43.16,45.3 1 1
github.com/priscilaMayume/automation_appWeb_test_golang/cmd/web/middleware.go:47.2,48.19 2 1
github.com/priscilaMayume/automation_appWeb_test_golang/cmd/web/middleware.go:48.19,50.3 1 1
github.com/priscilaMayume/automation_appWeb_test_golang/cmd/web/middleware.go:52.2,53.22 2 1
github.com/priscilaMayume/automation_appWeb_test_golang/cmd/web/middleware.go:53.22,55.3 1 1
github.com/priscilaMayume/automation_appWeb_test_golang/cmd/web/middleware.go:57.2,57.18 1 1
github.com/priscilaMayume/automation_appWeb_test_golang/cmd/web/middleware.go:57.18,59.3 1 0
github.com/priscilaMayume/automation_appWeb_test_golang/cmd/web/middleware.go:61.2,61.16 1 1
github.com/priscilaMayume/automation_appWeb_test_golang/cmd/web/routes.go:11.47,30.2 10 1
github.com/priscilaMayume/automation_appWeb_test_golang/cmd/web/sessions.go:11.39,21.2 6 1
